<?xml version="1.0" encoding="UTF-8"?>
<!-- Generated by org.testng.reporters.JUnitXMLReporter -->
<testsuite hostname="PDCDT01GY4ZVQ1" ignored="0" name="Default test" tests="5" failures="0" timestamp="2020-01-29T15:57:03 GMT" time="137.435" errors="0">
  <testcase name="FirstTest" time="10.417" classname="com.TestPages.CreateWishList"/>
  <testcase name="SecondTest" time="4.153" classname="com.TestPages.CreateWishList"/>
  <testcase name="ThirdTest" time="4.502" classname="com.TestPages.CreateWishList"/>
  <testcase name="FourthTest" time="25.727" classname="com.TestPages.CreateWishList"/>
  <testcase name="FifthTest" time="21.491" classname="com.TestPages.CreateWishList"/>
</testsuite> <!-- Default test -->
